<?xml version="1.0" encoding="UTF-8"?>
<coverage generated="1653049145304" clover="3.2.0">
  <project timestamp="1653049145305" name="All files">
    <metrics statements="8" coveredstatements="7" conditionals="0" coveredconditionals="0" methods="4" coveredmethods="3" elements="12" coveredelements="10" complexity="0" loc="8" ncloc="8" packages="1" files="2" classes="2"/>
    <file name="BuyButton.tsx" path="C:\Users\nnguyen\developments\Thesis Sample Application Materials\webshop-piral\pilet-carts\src\components\BuyButton.tsx">
      <metrics statements="4" coveredstatements="3" conditionals="0" coveredconditionals="0" methods="2" coveredmethods="1"/>
      <line num="1" count="1" type="stmt"/>
      <line num="15" count="1" type="stmt"/>
      <line num="16" count="1" type="stmt"/>
      <line num="17" count="0" type="stmt"/>
    </file>
    <file name="CartPage.tsx" path="C:\Users\nnguyen\developments\Thesis Sample Application Materials\webshop-piral\pilet-carts\src\components\CartPage.tsx">
      <metrics statements="4" coveredstatements="4" conditionals="0" coveredconditionals="0" methods="2" coveredmethods="2"/>
      <line num="1" count="1" type="stmt"/>
      <line num="14" count="1" type="stmt"/>
      <line num="15" count="1" type="stmt"/>
      <line num="27" count="3" type="stmt"/>
    </file>
  </project>
</coverage>
