{"C:\\Users\\nnguyen\\developments\\Thesis Sample Application Materials\\webshop-piral\\pilet-carts\\src\\components\\BuyButton.tsx": {"path":"C:\\Users\\nnguyen\\developments\\Thesis Sample Application Materials\\webshop-piral\\pilet-carts\\src\\components\\BuyButton.tsx","statementMap":{"0":{"start":{"line":1,"column":0},"end":{"line":1,"column":31}},"1":{"start":{"line":15,"column":51},"end":{"line":20,"column":null}},"2":{"start":{"line":16,"column":2},"end":{"line":19,"column":null}},"3":{"start":{"line":17,"column":41},"end":{"line":17,"column":59}},"4":{"start":{"line":15,"column":13},"end":{"line":15,"column":51}}},"fnMap":{"0":{"name":"(anonymous_0)","decl":{"start":{"line":15,"column":51},"end":{"line":15,"column":52}},"loc":{"start":{"line":16,"column":2},"end":{"line":19,"column":null}}},"1":{"name":"(anonymous_1)","decl":{"start":{"line":17,"column":35},"end":{"line":17,"column":38}},"loc":{"start":{"line":17,"column":41},"end":{"line":17,"column":59}}}},"branchMap":{},"s":{"0":1,"1":1,"2":1,"3":0,"4":1},"f":{"0":1,"1":0},"b":{}}
,"C:\\Users\\nnguyen\\developments\\Thesis Sample Application Materials\\webshop-piral\\pilet-carts\\src\\components\\CartPage.tsx": {"path":"C:\\Users\\nnguyen\\developments\\Thesis Sample Application Materials\\webshop-piral\\pilet-carts\\src\\components\\CartPage.tsx","statementMap":{"0":{"start":{"line":1,"column":0},"end":{"line":1,"column":31}},"1":{"start":{"line":14,"column":49},"end":{"line":43,"column":1}},"2":{"start":{"line":15,"column":2},"end":{"line":42,"column":4}},"3":{"start":{"line":27,"column":8},"end":{"line":39,"column":10}},"4":{"start":{"line":14,"column":13},"end":{"line":14,"column":49}}},"fnMap":{"0":{"name":"(anonymous_0)","decl":{"start":{"line":14,"column":49},"end":{"line":14,"column":50}},"loc":{"start":{"line":14,"column":62},"end":{"line":43,"column":1}}},"1":{"name":"(anonymous_1)","decl":{"start":{"line":26,"column":16},"end":{"line":26,"column":17}},"loc":{"start":{"line":26,"column":28},"end":{"line":40,"column":7}}}},"branchMap":{},"s":{"0":1,"1":1,"2":1,"3":3,"4":1},"f":{"0":1,"1":3},"b":{}}
}
