{"C:\\Users\\nnguyen\\developments\\Thesis Sample Application Materials\\webshop-piral\\pilet-recommendation\\src\\components\\Recommendations.tsx": {"path":"C:\\Users\\nnguyen\\developments\\Thesis Sample Application Materials\\webshop-piral\\pilet-recommendation\\src\\components\\Recommendations.tsx","statementMap":{"0":{"start":{"line":1,"column":0},"end":{"line":1,"column":31}},"1":{"start":{"line":3,"column":0},"end":{"line":3,"column":72}},"2":{"start":{"line":10,"column":63},"end":{"line":35,"column":1}},"3":{"start":{"line":14,"column":26},"end":{"line":16,"column":4}},"4":{"start":{"line":15,"column":17},"end":{"line":15,"column":46}},"5":{"start":{"line":17,"column":2},"end":{"line":34,"column":4}},"6":{"start":{"line":21,"column":8},"end":{"line":30,"column":null}},"7":{"start":{"line":24,"column":25},"end":{"line":24,"column":59}},"8":{"start":{"line":10,"column":13},"end":{"line":10,"column":63}}},"fnMap":{"0":{"name":"(anonymous_0)","decl":{"start":{"line":10,"column":63},"end":{"line":10,"column":64}},"loc":{"start":{"line":13,"column":5},"end":{"line":35,"column":1}}},"1":{"name":"(anonymous_1)","decl":{"start":{"line":15,"column":4},"end":{"line":15,"column":5}},"loc":{"start":{"line":15,"column":17},"end":{"line":15,"column":46}}},"2":{"name":"(anonymous_2)","decl":{"start":{"line":20,"column":27},"end":{"line":20,"column":28}},"loc":{"start":{"line":21,"column":8},"end":{"line":30,"column":null}}},"3":{"name":"(anonymous_3)","decl":{"start":{"line":24,"column":19},"end":{"line":24,"column":22}},"loc":{"start":{"line":24,"column":25},"end":{"line":24,"column":59}}}},"branchMap":{},"s":{"0":1,"1":1,"2":1,"3":2,"4":24,"5":2,"6":6,"7":1,"8":1},"f":{"0":2,"1":24,"2":6,"3":1},"b":{}}
,"C:\\Users\\nnguyen\\developments\\Thesis Sample Application Materials\\webshop-piral\\pilet-recommendation\\src\\data\\productsRecommendation.tsx": {"path":"C:\\Users\\nnguyen\\developments\\Thesis Sample Application Materials\\webshop-piral\\pilet-recommendation\\src\\data\\productsRecommendation.tsx","statementMap":{"0":{"start":{"line":1,"column":13},"end":{"line":110,"column":2}}},"fnMap":{},"branchMap":{},"s":{"0":1},"f":{},"b":{}}
}
