<?xml version="1.0" encoding="UTF-8"?>
<coverage generated="1653045288326" clover="3.2.0">
  <project timestamp="1653045288326" name="All files">
    <metrics statements="19" coveredstatements="18" conditionals="4" coveredconditionals="3" methods="8" coveredmethods="7" elements="31" coveredelements="28" complexity="0" loc="19" ncloc="19" packages="2" files="4" classes="4"/>
    <package name="components">
      <metrics statements="17" coveredstatements="16" conditionals="4" coveredconditionals="3" methods="8" coveredmethods="7"/>
      <file name="ProductDetailsPage.tsx" path="C:\Users\nnguyen\developments\Thesis Sample Application Materials\webshop-piral\pilet-products\src\components\ProductDetailsPage.tsx">
        <metrics statements="11" coveredstatements="11" conditionals="4" coveredconditionals="3" methods="5" coveredmethods="5"/>
        <line num="1" count="1" type="stmt"/>
        <line num="4" count="1" type="stmt"/>
        <line num="5" count="1" type="stmt"/>
        <line num="18" count="1" type="stmt"/>
        <line num="24" count="2" type="stmt"/>
        <line num="25" count="24" type="stmt"/>
        <line num="28" count="2" type="stmt"/>
        <line num="53" count="8" type="stmt"/>
        <line num="56" count="6" type="stmt"/>
        <line num="60" count="1" type="stmt"/>
        <line num="73" count="1" type="stmt"/>
      </file>
      <file name="ProductsPage.tsx" path="C:\Users\nnguyen\developments\Thesis Sample Application Materials\webshop-piral\pilet-products\src\components\ProductsPage.tsx">
        <metrics statements="6" coveredstatements="5" conditionals="0" coveredconditionals="0" methods="3" coveredmethods="2"/>
        <line num="1" count="1" type="stmt"/>
        <line num="3" count="1" type="stmt"/>
        <line num="11" count="1" type="stmt"/>
        <line num="12" count="1" type="stmt"/>
        <line num="28" count="12" type="stmt"/>
        <line num="38" count="0" type="stmt"/>
      </file>
    </package>
    <package name="data">
      <metrics statements="2" coveredstatements="2" conditionals="0" coveredconditionals="0" methods="0" coveredmethods="0"/>
      <file name="products.tsx" path="C:\Users\nnguyen\developments\Thesis Sample Application Materials\webshop-piral\pilet-products\src\data\products.tsx">
        <metrics statements="1" coveredstatements="1" conditionals="0" coveredconditionals="0" methods="0" coveredmethods="0"/>
        <line num="1" count="2" type="stmt"/>
      </file>
      <file name="productsUniqueCategories.tsx" path="C:\Users\nnguyen\developments\Thesis Sample Application Materials\webshop-piral\pilet-products\src\data\productsUniqueCategories.tsx">
        <metrics statements="1" coveredstatements="1" conditionals="0" coveredconditionals="0" methods="0" coveredmethods="0"/>
        <line num="1" count="1" type="stmt"/>
      </file>
    </package>
  </project>
</coverage>
