{"C:\\Users\\nnguyen\\developments\\Thesis Sample Application Materials\\webshop-piral\\pilet-products\\src\\components\\ProductDetailsPage.tsx": {"path":"C:\\Users\\nnguyen\\developments\\Thesis Sample Application Materials\\webshop-piral\\pilet-products\\src\\components\\ProductDetailsPage.tsx","statementMap":{"0":{"start":{"line":1,"column":0},"end":{"line":1,"column":31}},"1":{"start":{"line":4,"column":0},"end":{"line":4,"column":44}},"2":{"start":{"line":5,"column":0},"end":{"line":5,"column":76}},"3":{"start":{"line":18,"column":62},"end":{"line":71,"column":1}},"4":{"start":{"line":24,"column":36},"end":{"line":25,"column":null}},"5":{"start":{"line":25,"column":17},"end":{"line":25,"column":34}},"6":{"start":{"line":28,"column":2},"end":{"line":70,"column":4}},"7":{"start":{"line":53,"column":18},"end":{"line":53,"column":71}},"8":{"start":{"line":56,"column":16},"end":{"line":62,"column":null}},"9":{"start":{"line":60,"column":33},"end":{"line":60,"column":72}},"10":{"start":{"line":73,"column":0},"end":{"line":73,"column":34}}},"fnMap":{"0":{"name":"(anonymous_0)","decl":{"start":{"line":18,"column":62},"end":{"line":18,"column":63}},"loc":{"start":{"line":23,"column":5},"end":{"line":71,"column":1}}},"1":{"name":"(anonymous_1)","decl":{"start":{"line":25,"column":4},"end":{"line":25,"column":5}},"loc":{"start":{"line":25,"column":17},"end":{"line":25,"column":34}}},"2":{"name":"(anonymous_2)","decl":{"start":{"line":52,"column":16},"end":{"line":52,"column":17}},"loc":{"start":{"line":53,"column":18},"end":{"line":53,"column":71}}},"3":{"name":"(anonymous_3)","decl":{"start":{"line":55,"column":19},"end":{"line":55,"column":20}},"loc":{"start":{"line":56,"column":16},"end":{"line":62,"column":null}}},"4":{"name":"(anonymous_4)","decl":{"start":{"line":60,"column":27},"end":{"line":60,"column":30}},"loc":{"start":{"line":60,"column":33},"end":{"line":60,"column":72}}}},"branchMap":{"0":{"loc":{"start":{"line":29,"column":4},"end":{"line":68,"column":null}},"type":"binary-expr","locations":[{"start":{"line":29,"column":4},"end":{"line":29,"column":27}},{"start":{"line":30,"column":6},"end":{"line":67,"column":null}}]},"1":{"loc":{"start":{"line":58,"column":29},"end":{"line":58,"column":62}},"type":"cond-expr","locations":[{"start":{"line":58,"column":49},"end":{"line":58,"column":57}},{"start":{"line":58,"column":60},"end":{"line":58,"column":62}}]}},"s":{"0":1,"1":1,"2":1,"3":1,"4":2,"5":24,"6":2,"7":8,"8":6,"9":1,"10":1},"f":{"0":2,"1":24,"2":8,"3":6,"4":1},"b":{"0":[2,2],"1":[0,6]}}
,"C:\\Users\\nnguyen\\developments\\Thesis Sample Application Materials\\webshop-piral\\pilet-products\\src\\components\\ProductsPage.tsx": {"path":"C:\\Users\\nnguyen\\developments\\Thesis Sample Application Materials\\webshop-piral\\pilet-products\\src\\components\\ProductsPage.tsx","statementMap":{"0":{"start":{"line":1,"column":0},"end":{"line":1,"column":31}},"1":{"start":{"line":3,"column":0},"end":{"line":3,"column":44}},"2":{"start":{"line":11,"column":57},"end":{"line":50,"column":1}},"3":{"start":{"line":12,"column":2},"end":{"line":49,"column":4}},"4":{"start":{"line":28,"column":14},"end":{"line":42,"column":null}},"5":{"start":{"line":38,"column":35},"end":{"line":38,"column":74}},"6":{"start":{"line":11,"column":13},"end":{"line":11,"column":57}}},"fnMap":{"0":{"name":"(anonymous_0)","decl":{"start":{"line":11,"column":57},"end":{"line":11,"column":58}},"loc":{"start":{"line":11,"column":73},"end":{"line":50,"column":1}}},"1":{"name":"(anonymous_1)","decl":{"start":{"line":27,"column":26},"end":{"line":27,"column":27}},"loc":{"start":{"line":28,"column":14},"end":{"line":42,"column":null}}},"2":{"name":"(anonymous_2)","decl":{"start":{"line":38,"column":29},"end":{"line":38,"column":32}},"loc":{"start":{"line":38,"column":35},"end":{"line":38,"column":74}}}},"branchMap":{},"s":{"0":1,"1":1,"2":1,"3":1,"4":12,"5":0,"6":1},"f":{"0":1,"1":12,"2":0},"b":{}}
,"C:\\Users\\nnguyen\\developments\\Thesis Sample Application Materials\\webshop-piral\\pilet-products\\src\\data\\products.tsx": {"path":"C:\\Users\\nnguyen\\developments\\Thesis Sample Application Materials\\webshop-piral\\pilet-products\\src\\data\\products.tsx","statementMap":{"0":{"start":{"line":1,"column":13},"end":{"line":110,"column":2}}},"fnMap":{},"branchMap":{},"s":{"0":2},"f":{},"b":{}}
,"C:\\Users\\nnguyen\\developments\\Thesis Sample Application Materials\\webshop-piral\\pilet-products\\src\\data\\productsUniqueCategories.tsx": {"path":"C:\\Users\\nnguyen\\developments\\Thesis Sample Application Materials\\webshop-piral\\pilet-products\\src\\data\\productsUniqueCategories.tsx","statementMap":{"0":{"start":{"line":1,"column":13},"end":{"line":38,"column":2}}},"fnMap":{},"branchMap":{},"s":{"0":1},"f":{},"b":{}}
}
