TN:
SF:src\components\ProductDetailsPage.tsx
FN:18,(anonymous_0)
FN:25,(anonymous_1)
FN:52,(anonymous_2)
FN:55,(anonymous_3)
FN:60,(anonymous_4)
FNF:5
FNH:5
FNDA:2,(anonymous_0)
FNDA:24,(anonymous_1)
FNDA:8,(anonymous_2)
FNDA:6,(anonymous_3)
FNDA:1,(anonymous_4)
DA:1,1
DA:4,1
DA:5,1
DA:18,1
DA:24,2
DA:25,24
DA:28,2
DA:53,8
DA:56,6
DA:60,1
DA:73,1
LF:11
LH:11
BRDA:29,0,0,2
BRDA:29,0,1,2
BRDA:58,1,0,0
BRDA:58,1,1,6
BRF:4
BRH:3
end_of_record
TN:
SF:src\components\ProductsPage.tsx
FN:11,(anonymous_0)
FN:27,(anonymous_1)
FN:38,(anonymous_2)
FNF:3
FNH:2
FNDA:1,(anonymous_0)
FNDA:12,(anonymous_1)
FNDA:0,(anonymous_2)
DA:1,1
DA:3,1
DA:11,1
DA:12,1
DA:28,12
DA:38,0
LF:6
LH:5
BRF:0
BRH:0
end_of_record
TN:
SF:src\data\products.tsx
FNF:0
FNH:0
DA:1,2
LF:1
LH:1
BRF:0
BRH:0
end_of_record
TN:
SF:src\data\productsUniqueCategories.tsx
FNF:0
FNH:0
DA:1,1
LF:1
LH:1
BRF:0
BRH:0
end_of_record
